================================================================ test session starts =================================================================
platform darwin -- Python 3.9.6, pytest-7.0.1, pluggy-1.0.0 -- /usr/local/opt/python@3.9/bin/python3.9
cachedir: .pytest_cache
rootdir: /Users/wildananugrah/Documents/Study in Melbourne/Research Project 1/Developments/simplebank/v2/msa-saga
plugins: ordering-0.6, flask-1.2.0
collected 25 items                                                                                                                                   

tests/test_simplebank_normal.py::test_inquiry_customer_by_id_number_success PASSED
tests/test_simplebank_normal.py::test_inquiry_customer_by_id_number_fail PASSED
tests/test_simplebank_normal.py::test_login PASSED
tests/test_simplebank_normal.py::test_session_validation PASSED
tests/test_simplebank_normal.py::test_logout PASSED
tests/test_simplebank_normal.py::test_session_validation_logout PASSED
tests/test_simplebank_normal.py::test_create_account PASSED
tests/test_simplebank_normal.py::test_get_account PASSED
tests/test_simplebank_normal.py::test_account_list_cif_number PASSED
tests/test_simplebank_normal.py::test_deposit PASSED
tests/test_simplebank_normal.py::test_transfer_from_account PASSED
tests/test_simplebank_normal.py::test_debit PASSED
tests/test_simplebank_normal.py::test_interbank PASSED
tests/test_simplebank_normal.py::test_historical_transactions PASSED
tests/test_simplebank_normal.py::test_transfer_inquiry_account_number PASSED
tests/test_simplebank_normal.py::test_transfer_inquiry_interbank_account_number PASSED
tests/test_simplebank_normal.py::test_transfer_save_account_number PASSED
tests/test_simplebank_normal.py::test_transfer_list_account_number PASSED
tests/test_simplebank_normal.py::test_transfer_from_transfer PASSED
tests/test_simplebank_normal.py::test_transfer_interbank PASSED
tests/test_simplebank_normal.py::test_delete_transfer_account_number PASSED
tests/test_simplebank_normal.py::test_transfer_list PASSED
tests/test_simplebank_normal.py::test_delete_account PASSED
tests/test_simplebank_normal.py::test_delete_transfer PASSED
tests/test_simplebank_normal.py::test_delete_historical_transactions PASSED

================================================================= slowest durations ==================================================================
12.74s call     tests/test_simplebank_normal.py::test_transfer_from_account
6.86s call     tests/test_simplebank_normal.py::test_transfer_list
5.21s call     tests/test_simplebank_normal.py::test_transfer_from_transfer
4.89s call     tests/test_simplebank_normal.py::test_transfer_interbank
4.55s call     tests/test_simplebank_normal.py::test_transfer_save_account_number
2.36s call     tests/test_simplebank_normal.py::test_deposit
2.11s call     tests/test_simplebank_normal.py::test_get_account
1.80s call     tests/test_simplebank_normal.py::test_account_list_cif_number
1.71s call     tests/test_simplebank_normal.py::test_delete_transfer_account_number
1.66s call     tests/test_simplebank_normal.py::test_create_account
1.49s call     tests/test_simplebank_normal.py::test_login
1.47s call     tests/test_simplebank_normal.py::test_delete_account
1.47s call     tests/test_simplebank_normal.py::test_logout
1.20s call     tests/test_simplebank_normal.py::test_inquiry_customer_by_id_number_success
1.15s call     tests/test_simplebank_normal.py::test_transfer_list_account_number
0.21s call     tests/test_simplebank_normal.py::test_session_validation_logout
0.20s call     tests/test_simplebank_normal.py::test_session_validation
0.03s call     tests/test_simplebank_normal.py::test_transfer_inquiry_interbank_account_number
0.02s call     tests/test_simplebank_normal.py::test_delete_historical_transactions
0.02s call     tests/test_simplebank_normal.py::test_inquiry_customer_by_id_number_fail
0.01s call     tests/test_simplebank_normal.py::test_delete_transfer

(54 durations < 0.005s hidden.  Use -vv to show these durations.)
================================================================ 25 passed in 51.42s =================================================================